00:06:53.550 | Info | '/transaction/getAnalytics' | 
00:45:04.051 | Info | '/transaction/getAnalytics' | 
00:50:46.875 | Info | '/transaction/getAnalytics' | 
01:22:09.653 | Info | '/transaction/getAnalytics' | 
01:22:29.243 | Info | '/transaction/getAnalytics' | 
01:23:47.553 | Info | '/transaction/getAnalytics' | 
01:24:47.041 | Info | '/transaction/getAnalytics' | 
01:37:30.062 | Info | '/transaction/getAnalytics' | 
01:41:13.832 | Info | '/transaction/getAnalytics' | 
01:41:35.192 | Info | '/transaction/getMyDetails' | 
01:41:38.644 | Info | '/transaction/getAnalytics' | 
01:42:16.143 | Info | '/transaction/getMyDetails' | 
01:42:18.921 | Info | '/transaction/getMeterInfo' | 
01:42:21.528 | Info | '/transaction/getNetworkInfo' | 
01:42:24.977 | Info | '/transaction/getBillHistory' | 
01:42:30.067 | Info | '/transaction/getMeterInfo' | 
01:42:32.810 | Info | '/transaction/getAnalytics' | 
01:42:57.647 | Info | '/transaction/getAnalytics' | 
01:43:05.632 | Info | '/transaction/getAnalytics' | 
01:43:19.285 | Info | '/transaction/getMyDetails' | 
01:43:21.406 | Info | '/transaction/getAnalytics' | 
01:43:38.632 | Info | '/transaction/getAnalytics' | 
01:43:40.648 | Info | '/transaction/getAnalytics' | 
01:43:46.630 | Info | '/transaction/getAnalytics' | 
01:43:47.654 | Info | '/transaction/getAnalytics' | 
01:43:50.641 | Info | '/transaction/getAnalytics' | 
01:43:52.635 | Info | '/transaction/getAnalytics' | 
01:43:59.862 | Info | '/transaction/getMyDetails' | 
01:44:01.376 | Info | '/transaction/getAnalytics' | 
01:45:31.635 | Info | '/transaction/getAnalytics' | 
01:45:41.724 | Info | '/transaction/getAnalytics' | 
01:45:42.631 | Info | '/transaction/getAnalytics' | 
01:45:48.554 | Info | '/transaction/getMyDetails' | 
01:45:50.020 | Info | '/transaction/getAnalytics' | 
01:47:36.982 | Info | '/transaction/getMyDetails' | 
01:47:38.444 | Info | '/transaction/getAnalytics' | 
01:48:29.629 | Info | '/transaction/getAnalytics' | 
01:48:31.663 | Info | '/transaction/getAnalytics' | 
01:48:37.647 | Info | '/transaction/getAnalytics' | 
01:48:48.201 | Info | '/transaction/getMyDetails' | 
01:48:50.453 | Info | '/transaction/getAnalytics' | 
01:49:29.738 | Info | '/transaction/getAnalytics' | 
01:49:37.049 | Info | '/transaction/getMyDetails' | 
01:49:39.698 | Info | '/transaction/getAnalytics' | 
01:50:38.643 | Info | '/transaction/getAnalytics' | 
01:50:46.481 | Info | '/transaction/getMyDetails' | 
01:50:48.144 | Info | '/transaction/getAnalytics' | 
01:51:17.636 | Info | '/transaction/getAnalytics' | 
01:51:26.505 | Info | '/transaction/getMyDetails' | 
01:51:28.432 | Info | '/transaction/getAnalytics' | 
01:57:59.048 | Info | '/transaction/getMyDetails' | 
01:58:03.047 | Info | '/transaction/getAnalytics' | 
02:00:43.666 | Info | '/transaction/getAnalytics' | 
02:01:11.892 | Info | '/transaction/getMyDetails' | 
02:01:14.548 | Info | '/transaction/getAnalytics' | 
02:05:08.629 | Info | '/transaction/getAnalytics' | 
02:05:24.148 | Info | '/transaction/getMyDetails' | 
02:05:29.254 | Info | '/transaction/getAnalytics' | 
02:07:02.700 | Info | '/transaction/getMyDetails' | 
02:07:04.005 | Info | '/transaction/getAnalytics' | 
02:07:07.506 | Info | '/transaction/getMyDetails' | 
02:07:09.777 | Info | '/transaction/getAnalytics' | 
02:07:16.680 | Info | '/transaction/getMeterInfo' | 
02:07:18.320 | Info | '/transaction/getAnalytics' | 
02:07:26.533 | Info | '/transaction/getMyDetails' | 
02:07:27.964 | Info | '/transaction/getAnalytics' | 
02:07:30.039 | Info | '/transaction/getMyDetails' | 
02:07:31.642 | Info | '/transaction/getAnalytics' | 
02:09:23.398 | Info | '/transaction/getMyDetails' | 
02:09:24.766 | Info | '/transaction/getAnalytics' | 
02:09:34.720 | Info | '/transaction/getMyDetails' | 
02:09:36.056 | Info | '/transaction/getAnalytics' | 
02:10:46.634 | Info | '/transaction/getAnalytics' | 
02:10:52.415 | Info | '/transaction/getMyDetails' | 
02:10:54.254 | Info | '/transaction/getAnalytics' | 
02:11:31.116 | Info | '/transaction/getAnalytics' | 
02:11:47.686 | Info | '/transaction/getAnalytics' | 
02:11:52.579 | Info | '/transaction/getAnalytics' | 
02:12:07.753 | Info | '/transaction/getMyDetails' | 
02:12:12.277 | Info | '/transaction/getAnalytics' | 
02:12:19.038 | Info | '/transaction/getBillHistory' | 
02:12:39.103 | Info | '/transaction/getMyDetails' | 
02:12:41.124 | Info | '/transaction/getAnalytics' | 
02:13:06.403 | Info | '/transaction/createUnitsAlert' | 
02:13:06.447 | Info | ({'message':'Duplicate entry \'95547\' for key \'PRIMARY\'','code':'ER_DUP_ENTRY','errno':1062,'sqlState':'23000','sqlMessage':'Duplicate entry \'95547\' for key \'PRIMARY\''}) | 
02:13:47.880 | Info | '/transaction/createUnitsAlert' | 
02:14:45.085 | Info | '/transaction/getMyDetails' | 
02:14:59.805 | Info | '/api/user/login' | 
02:15:02.135 | Info | '/transaction/getCustomerType' | 
02:15:03.779 | Info | '/transaction/getDeviceType' | 
02:15:06.329 | Info | '/transaction/getComplaintsType' | 
02:15:23.711 | Info | '/transaction/getRolesType' | 
02:15:25.841 | Info | '/transaction/getComplaintsType' | 
02:15:57.298 | Info | '/transaction/createComplaintsType' | 
02:15:57.340 | Info | '/transaction/getAnalytics' | 
02:16:33.229 | Info | '/transaction/getRolesType' | 
02:16:35.428 | Info | '/transaction/getComplaintsType' | 
02:22:38.999 | Info | '/transaction/getCustomerType' | 
02:22:45.843 | Info | '/transaction/getMyDetails' | 
02:22:47.672 | Info | '/transaction/getMeterInfo' | 
02:22:49.344 | Info | '/transaction/getAnalytics' | 
02:25:51.331 | Info | '/transaction/getBillHistory' | 
02:26:52.653 | Info | '/transaction/getBillHistory' | 
02:27:01.634 | Info | '/transaction/getBillHistory' | 
02:27:06.635 | Info | '/transaction/getBillHistory' | 
02:27:17.653 | Info | '/transaction/getBillHistory' | 
02:27:20.643 | Info | '/transaction/getBillHistory' | 
02:27:25.632 | Info | '/transaction/getBillHistory' | 
02:28:11.882 | Info | '/transaction/getMyDetails' | 
02:28:13.633 | Info | '/transaction/getAnalytics' | 
02:31:00.306 | Info | '/transaction/getMyDetails' | 
02:31:02.256 | Info | '/transaction/getAnalytics' | 
02:31:15.463 | Info | '/transaction/getMyDetails' | 
02:31:16.603 | Info | '/transaction/getAnalytics' | 
02:32:59.649 | Info | '/transaction/getAnalytics' | 
02:33:02.658 | Info | '/transaction/getAnalytics' | 
02:33:05.649 | Info | '/transaction/getAnalytics' | 
02:33:10.659 | Info | '/transaction/getAnalytics' | 
02:33:14.651 | Info | '/transaction/getAnalytics' | 
02:33:21.635 | Info | '/transaction/getAnalytics' | 
02:34:14.089 | Info | '/transaction/getAnalytics' | 
02:36:39.064 | Info | '/transaction/getMyDetails' | 
02:36:42.146 | Info | '/transaction/getAnalytics' | 
02:36:56.582 | Info | '/transaction/getMyDetails' | 
02:36:58.338 | Info | '/transaction/getMeterInfo' | 
02:37:01.206 | Info | '/transaction/getNetworkInfo' | 
02:37:04.479 | Info | '/transaction/getAnalytics' | 
02:37:13.208 | Info | '/transaction/getNetworkInfo' | 
02:37:15.518 | Info | '/transaction/getMeterInfo' | 
02:37:17.487 | Info | '/transaction/getMyDetails' | 
02:37:19.680 | Info | '/transaction/getAnalytics' | 
02:37:29.079 | Info | '/transaction/getComplaintsType' | 
02:37:30.885 | Info | '/transaction/getCustomerType' | 
02:37:33.068 | Info | '/transaction/getDeviceType' | 
02:37:36.432 | Info | '/transaction/getCustomerType' | 
02:38:10.024 | Info | '/transaction/getCustomersDetails' | 
02:38:15.470 | Info | '/transaction/getCustomersDetails' | 
02:38:25.950 | Info | '/transaction/getCustomerType' | 
02:39:08.701 | Info | '/transaction/getCustomersDetails' | 
02:39:34.231 | Info | '/transaction/getMeterInfo' | 
02:39:36.151 | Info | '/transaction/getNetworkInfo' | 
02:39:50.306 | Info | '/transaction/getDeviceType' | 
02:39:52.117 | Info | '/transaction/getNetworkType' | 
02:39:54.676 | Info | '/transaction/getRolesType' | 
02:39:57.736 | Info | '/transaction/getComplaintsType' | 
02:40:32.650 | Info | '/transaction/getComplaintsType' | 
02:40:39.642 | Info | '/transaction/getComplaintsType' | 
02:40:41.672 | Info | '/transaction/getComplaintsType' | 
02:40:50.647 | Info | '/transaction/getComplaintsType' | 
02:41:00.650 | Info | '/transaction/getComplaintsType' | 
02:41:16.642 | Info | '/transaction/getComplaintsType' | 
02:41:43.703 | Info | '/transaction/getComplaintsType' | 
02:42:19.990 | Info | '/transaction/getAnalytics' | 
03:29:07.163 | Info | '/api/user/login' | 
03:29:07.278 | Info | '/transaction/getMyDetails' | 
03:29:09.867 | Info | '/transaction/getAnalytics' | 
03:29:12.208 | Info | '/transaction/getMyDetails' | 
03:29:13.271 | Info | '/transaction/getAnalytics' | 
03:30:55.572 | Info | '/transaction/getAnalytics' | 
03:31:11.116 | Info | '/transaction/getAnalytics' | 
03:31:25.218 | Info | '/transaction/getAnalytics' | 
03:32:07.106 | Info | '/transaction/getAnalytics' | 
03:32:13.608 | Info | '/transaction/getMyDetails' | 
03:32:14.889 | Info | '/transaction/getMeterInfo' | 
23:24:11.223 | Info | '/transaction/getMyDetails' | 
23:24:47.501 | Info | '/api/user/login' | 
23:24:55.920 | Info | '/api/user/login' | 
23:24:55.978 | Info | '/transaction/getMyDetails' | 
23:25:40.892 | Info | '/transaction/getCustomerType' | 
23:25:44.804 | Info | '/transaction/getCustomersDetails' | 
23:25:53.568 | Info | '/transaction/getCustomersDetails' | 
23:26:06.848 | Info | '/transaction/getCustomerType' | 
23:26:09.236 | Info | '/transaction/getCustomersDetails' | 
23:26:12.152 | Info | '/transaction/getAnalytics' | 
23:26:18.406 | Info | '/transaction/getAnalytics' | 
