00:15:06.070 | Info | '/transaction/getDeviceType' | 
00:29:05.832 | Info | '/transaction/getMeterInfo' | 
00:43:56.260 | Info | '/transaction/getMeterInfo' | 
00:45:29.857 | Info | '/transaction/getMeterInfo' | 
00:45:36.496 | Info | '/transaction/getMeterInfo' | 
00:46:56.958 | Info | '/transaction/getCustomerType' | 
00:48:17.249 | Info | '/transaction/getMeterInfo' | 
00:51:05.124 | Info | '/transaction/getMeterInfo' | 
00:53:25.205 | Info | '/transaction/getMeterInfo' | 
00:53:35.177 | Info | '/transaction/getMeterInfo' | 
00:53:39.174 | Info | '/transaction/getMeterInfo' | 
00:54:12.161 | Info | '/transaction/getMeterInfo' | 
00:54:18.191 | Info | '/transaction/getMeterInfo' | 
00:54:22.179 | Info | '/transaction/getMeterInfo' | 
00:55:14.186 | Info | '/transaction/getMeterInfo' | 
00:55:24.069 | Info | '/transaction/getMeterInfo' | 
00:55:50.848 | Info | '/transaction/getDeviceType' | 
00:55:53.398 | Info | '/transaction/getMeterInfo' | 
00:55:57.936 | Info | '/transaction/getDeviceType' | 
00:56:00.097 | Info | '/transaction/getDeviceType' | 
00:56:28.725 | Info | '/transaction/getDeviceType' | 
00:57:31.210 | Info | '/transaction/getDeviceType' | 
00:57:33.193 | Info | '/transaction/getDeviceType' | 
00:57:34.344 | Info | '/transaction/getMeterInfo' | 
01:08:20.951 | Info | '/transaction/getDeviceType' | 
01:08:26.616 | Info | '/transaction/getNetworkType' | 
01:13:42.735 | Info | '/transaction/getDeviceType' | 
01:18:25.021 | Info | '/transaction/getMeterInfo' | 
01:25:07.055 | Info | '/transaction/getCustomerType' | 
01:25:08.059 | Info | '/transaction/getDeviceType' | 
01:25:09.928 | Info | '/transaction/getNetworkType' | 
01:51:48.648 | Info | '/transaction/getNetworkInfo' | 
02:01:35.347 | Info | '/transaction/getDeviceType' | 
02:05:57.591 | Info | '/transaction/getMeterInfo' | 
02:09:21.756 | Info | '/transaction/getNetworkInfo' | 
02:10:26.176 | Info | '/transaction/getNetworkInfo' | 
02:10:29.149 | Info | '/transaction/getNetworkInfo' | 
02:10:31.923 | Info | '/transaction/getNetworkInfo' | 
02:10:43.170 | Info | '/transaction/getNetworkInfo' | 
02:10:44.711 | Info | '/transaction/getNetworkInfo' | 
02:11:52.912 | Info | '/transaction/getNetworkInfo' | 
02:12:11.584 | Info | '/transaction/getNetworkInfo' | 
02:12:36.621 | Info | '/transaction/getNetworkInfo' | 
02:12:55.660 | Info | '/transaction/getNetworkInfo' | 
02:13:47.846 | Info | '/transaction/getNetworkInfo' | 
02:14:40.564 | Info | '/transaction/getNetworkInfo' | 
02:15:51.233 | Info | '/transaction/getNetworkInfo' | 
02:16:40.665 | Info | '/transaction/getNetworkInfo' | 
02:16:52.231 | Info | '/transaction/getNetworkInfo' | 
02:17:03.206 | Info | '/transaction/getNetworkInfo' | 
02:18:30.453 | Info | '/transaction/getMeterInfo' | 
02:18:33.107 | Info | '/transaction/getNetworkInfo' | 
02:18:35.664 | Info | '/transaction/getNetworkInfo' | 
02:18:43.161 | Info | '/transaction/getNetworkInfo' | 
02:19:19.221 | Info | '/transaction/getNetworkInfo' | 
02:20:10.219 | Info | '/transaction/getNetworkInfo' | 
02:20:15.205 | Info | '/transaction/getNetworkInfo' | 
02:20:22.161 | Info | '/transaction/getNetworkInfo' | 
02:20:25.016 | Info | '/transaction/getNetworkInfo' | 
02:20:37.182 | Info | '/transaction/getNetworkInfo' | 
02:20:40.155 | Info | '/transaction/getNetworkInfo' | 
02:20:43.163 | Info | '/transaction/getNetworkInfo' | 
02:20:46.024 | Info | '/transaction/getNetworkInfo' | 
02:21:10.299 | Info | '/transaction/getNetworkInfo' | 
08:05:13.734 | Info | '/api/user/login' | 
08:05:27.547 | Info | '/transaction/getMeterInfo' | 
08:05:42.143 | Info | '/transaction/getMeterInfo' | 
08:05:53.749 | Info | '/transaction/getMeterInfo' | 
08:06:52.392 | Info | '/transaction/getMeterInfo' | 
08:06:54.044 | Info | '/transaction/getDeviceType' | 
08:06:56.722 | Info | '/transaction/getMeterInfo' | 
08:11:35.019 | Info | '/transaction/getNetworkInfo' | 
08:11:39.138 | Info | '/transaction/getNetworkInfo' | 
08:11:53.877 | Info | '/transaction/getMeterInfo' | 
08:11:56.428 | Info | '/transaction/getMeterInfo' | 
08:12:10.582 | Info | '/transaction/getNetworkInfo' | 
08:17:02.843 | Info | '/transaction/getNetworkInfo' | 
08:17:19.500 | Info | '/transaction/getNetworkInfo' | 
08:17:30.816 | Info | '/transaction/getNetworkInfo' | 
08:18:41.949 | Info | '/transaction/getNetworkInfo' | 
08:19:14.811 | Info | '/transaction/getNetworkInfo' | 
08:19:19.818 | Info | '/transaction/getNetworkInfo' | 
08:19:27.852 | Info | '/transaction/getNetworkInfo' | 
08:19:28.804 | Info | '/transaction/getNetworkInfo' | 
08:19:30.805 | Info | '/transaction/getNetworkInfo' | 
08:19:38.819 | Info | '/transaction/getNetworkInfo' | 
08:19:46.801 | Info | '/transaction/getNetworkInfo' | 
08:19:52.802 | Info | '/transaction/getNetworkInfo' | 
08:19:56.805 | Info | '/transaction/getNetworkInfo' | 
08:20:05.800 | Info | '/transaction/getNetworkInfo' | 
08:20:23.280 | Info | '/transaction/getNetworkInfo' | 
08:22:10.975 | Info | '/api/user/login' | 
08:22:14.182 | Info | '/transaction/getNetworkType' | 
08:22:25.437 | Info | '/transaction/getNetworkType' | 
08:27:25.842 | Info | '/transaction/getNetworkType' | 
08:27:43.623 | Info | '/transaction/getNetworkType' | 
08:28:31.468 | Info | '/transaction/createNetworkType' | 
08:28:31.792 | Info | '/transaction/getNetworkType' | 
08:28:31.840 | Info | ({'message':'Column \'userId\' cannot be null','code':'ER_BAD_NULL_ERROR','errno':1048,'sqlState':'23000','sqlMessage':'Column \'userId\' cannot be null'}) | 
08:29:28.137 | Info | '/transaction/getNetworkType' | 
08:30:01.279 | Info | '/transaction/createNetworkType' | 
08:30:01.299 | Info | ({'message':'Column \'userId\' cannot be null','code':'ER_BAD_NULL_ERROR','errno':1048,'sqlState':'23000','sqlMessage':'Column \'userId\' cannot be null'}) | 
08:30:01.444 | Info | '/transaction/getNetworkType' | 
08:30:43.485 | Info | '/transaction/getDeviceType' | 
08:31:06.673 | Info | '/transaction/createDeviceType' | 
08:31:06.744 | Info | '/transaction/getDeviceType' | 
08:31:30.412 | Info | '/transaction/getNetworkType' | 
08:33:29.491 | Info | '/transaction/getNetworkType' | 
08:33:54.977 | Info | '/transaction/createNetworkType' | 
08:33:55.004 | Info | ({'message':'Column \'userId\' cannot be null','code':'ER_BAD_NULL_ERROR','errno':1048,'sqlState':'23000','sqlMessage':'Column \'userId\' cannot be null'}) | 
08:33:55.052 | Info | '/transaction/getNetworkType' | 
08:46:24.439 | Info | '/transaction/getNetworkType' | 
08:47:21.140 | Info | '/transaction/createNetworkType' | 
08:47:21.360 | Info | ({'message':'Column count doesn\'t match value count at row 1','code':'ER_WRONG_VALUE_COUNT_ON_ROW','errno':1136,'sqlState':'21S01','sqlMessage':'Column count doesn\'t match value count at row 1'}) | 
08:49:52.862 | Info | '/transaction/createNetworkType' | 
08:49:53.324 | Info | ({'message':'Column \'name\' cannot be null','code':'ER_BAD_NULL_ERROR','errno':1048,'sqlState':'23000','sqlMessage':'Column \'name\' cannot be null'}) | 
08:50:26.727 | Info | '/transaction/createNetworkType' | 
08:50:41.391 | Info | '/transaction/getNetworkType' | 
08:50:57.816 | Info | '/transaction/getCustomerType' | 
08:50:59.743 | Info | '/transaction/getNetworkType' | 
08:51:08.628 | Info | '/transaction/getNetworkInfo' | 
08:51:15.325 | Info | '/transaction/getNetworkInfo' | 
08:51:41.250 | Info | '/transaction/createNetworkType' | 
08:51:41.274 | Info | ({'message':'Column \'userId\' cannot be null','code':'ER_BAD_NULL_ERROR','errno':1048,'sqlState':'23000','sqlMessage':'Column \'userId\' cannot be null'}) | 
08:51:41.421 | Info | '/transaction/getNetworkType' | 
08:53:44.353 | Info | '/transaction/getNetworkType' | 
08:54:05.618 | Info | '/transaction/createNetworkType' | 
08:54:05.793 | Info | '/transaction/getNetworkType' | 
08:54:17.468 | Info | '/transaction/getNetworkInfo' | 
08:54:22.395 | Info | '/transaction/getNetworkInfo' | 
08:55:45.444 | Info | '/transaction/getNetworkType' | 
08:55:54.579 | Info | '/transaction/getNetworkInfo' | 
08:55:59.401 | Info | '/transaction/getMeterInfo' | 
