10:19:20.434 | Info | '/transaction/getCustomerType' | 
10:19:34.821 | Info | '/transaction/getCustomerType' | 
10:30:38.966 | Info | '/transaction/getCustomerType' | 
11:10:43.855 | Info | '/transaction/getCustomerType' | 
11:11:56.071 | Info | '/transaction/getCustomerType' | 
11:15:07.324 | Info | '/transaction/getCustomerType' | 
11:15:57.974 | Info | '/transaction/getCustomerType' | 
11:16:07.706 | Info | '/transaction/getCustomersDetails' | 
11:16:09.313 | Info | '/transaction/getCustomersDetails' | 
11:16:43.400 | Info | '/transaction/getCustomerType' | 
11:17:57.251 | Info | '/transaction/getCustomerType' | 
11:31:24.499 | Info | '/transaction/getCustomerType' | 
11:34:51.755 | Info | '/transaction/getCustomerType' | 
11:36:30.944 | Info | '/transaction/getCustomerType' | 
11:38:58.580 | Info | '/transaction/getCustomersDetails' | 
11:39:16.594 | Info | '/transaction/getCustomerType' | 
11:39:18.550 | Info | '/transaction/getCustomersDetails' | 
11:39:40.727 | Info | '/transaction/getCustomerType' | 
11:39:43.163 | Info | '/transaction/getCustomersDetails' | 
22:09:28.754 | Info | '/transaction/getCustomersDetails' | 
22:10:41.874 | Info | '/transaction/getCustomerType' | 
22:10:45.611 | Info | '/transaction/getCustomersDetails' | 
22:10:49.172 | Info | '/transaction/getDeviceType' | 
22:10:52.142 | Info | '/transaction/getCustomerType' | 
22:11:18.121 | Info | '/transaction/createCustomerType' | 
22:11:18.144 | Info | '/transaction/getCustomerType' | 
22:11:23.034 | Info | '/transaction/getCustomersDetails' | 
22:11:50.434 | Info | '/transaction/getDeviceType' | 
22:11:52.180 | Info | '/transaction/getNetworkType' | 
22:11:53.896 | Info | '/transaction/getRolesType' | 
22:12:46.857 | Info | '/transaction/getCustomerType' | 
22:12:49.306 | Info | '/transaction/getCustomersDetails' | 
22:13:42.840 | Info | '/transaction/getCustomersDetails' | 
22:13:44.754 | Info | '/transaction/getCustomerType' | 
22:13:46.860 | Info | '/transaction/getCustomersDetails' | 
22:16:58.004 | Info | '/transaction/getCustomersDetails' | 
22:17:03.015 | Info | '/transaction/getCustomersDetails' | 
22:17:11.994 | Info | '/transaction/getCustomersDetails' | 
22:17:12.992 | Info | '/transaction/getCustomersDetails' | 
22:17:15.020 | Info | '/transaction/getCustomersDetails' | 
22:17:40.708 | Info | '/transaction/getCustomerType' | 
22:17:45.419 | Info | '/transaction/getDeviceType' | 
22:17:46.680 | Info | '/transaction/getCustomerType' | 
22:19:42.562 | Info | '/transaction/getCustomerType' | 
22:19:44.303 | Info | '/transaction/getDeviceType' | 
22:19:45.666 | Info | '/transaction/getCustomerType' | 
22:20:01.557 | Info | '/transaction/getCustomerType' | 
22:20:09.006 | Info | '/transaction/getCustomerType' | 
22:23:45.916 | Info | '/transaction/getCustomerType' | 
22:25:56.755 | Info | '/transaction/getCustomerType' | 
22:29:06.757 | Info | '/transaction/getCustomerType' | 
22:30:17.060 | Info | '/transaction/getCustomerType' | 
22:30:35.028 | Info | '/transaction/getCustomersDetails' | 
22:30:45.153 | Info | '/transaction/getCustomersDetails' | 
22:30:48.952 | Info | '/transaction/getCustomerType' | 
22:30:50.938 | Info | '/transaction/getCustomersDetails' | 
22:47:31.142 | Info | '/transaction/getCustomerType' | 
22:54:12.690 | Info | '/transaction/getCustomerType' | 
23:04:56.973 | Info | '/transaction/getCustomerType' | 
23:06:19.261 | Info | '/transaction/getCustomerType' | 
23:09:33.721 | Info | '/transaction/getCustomerType' | 
23:11:06.998 | Info | '/transaction/getCustomerType' | 
23:12:31.742 | Info | '/transaction/getCustomerType' | 
23:14:32.311 | Info | '/transaction/getCustomersDetails' | 
23:14:38.421 | Info | '/transaction/getCustomerType' | 
23:15:34.073 | Info | '/transaction/getCustomersDetails' | 
23:15:40.140 | Info | '/transaction/getCustomersDetails' | 
23:15:46.574 | Info | '/transaction/getCustomerType' | 
23:15:48.659 | Info | '/transaction/getCustomersDetails' | 
23:23:47.681 | Info | '/transaction/getCustomerType' | 
23:24:17.464 | Info | '/transaction/getCustomersDetails' | 
23:25:19.672 | Info | '/transaction/getCustomersDetails' | 
23:27:22.405 | Info | '/transaction/getCustomerType' | 
23:27:28.132 | Info | '/transaction/getCustomersDetails' | 
23:28:16.185 | Info | '/transaction/getCustomersDetails' | 
23:28:19.016 | Info | '/transaction/getCustomersDetails' | 
23:29:09.814 | Info | '/transaction/getCustomerType' | 
23:33:16.447 | Info | '/transaction/getCustomerType' | 
23:33:54.982 | Info | '/transaction/getCustomerType' | 
23:57:02.940 | Info | '/transaction/getCustomerType' | 
23:59:04.960 | Info | '/transaction/getCustomerType' | 
23:59:55.033 | Info | '/transaction/getCustomersDetails' | 
