10:03:32.884 | Info | '/transaction/createGenerateBills' | 
10:03:32.921 | Info | ({'code':'MODULE_NOT_FOUND','requireStack':['C:\\Users\\Ibm\\Downloads\\E-DMS\\backend\\NodeJSBoiler\\app.js','C:\\Users\\Ibm\\Downloads\\E-DMS\\backend\\NodeJSBoiler\\bin\\www']}) | 
10:13:27.074 | Info | ({'code':'MODULE_NOT_FOUND','requireStack':['C:\\Users\\Ibm\\Downloads\\E-DMS\\backend\\NodeJSBoiler\\app.js','C:\\Users\\Ibm\\Downloads\\E-DMS\\backend\\NodeJSBoiler\\bin\\www']}) | 
10:13:27.063 | Info | '/transaction/createGenerateBills' | 
10:13:56.973 | Info | '/transaction/getGenerateBills' | 
10:15:37.258 | Info | '/transaction/getGenerateBills' | 
10:16:23.412 | Info | '/transaction/getGenerateBills' | 
10:17:42.962 | Info | '/transaction/getGenerateBills' | 
10:17:58.363 | Info | '/transaction/getGenerateBills' | 
10:18:45.114 | Info | '/transaction/getGenerateBills' | 
10:20:27.753 | Info | '/transaction/getGenerateBills' | 
10:20:55.258 | Info | '/transaction/getGenerateBills' | 
10:26:34.427 | Info | '/transaction/postGenerateBills' | 
10:29:18.384 | Info | '/transaction/postGenerateBills' | 
10:38:55.328 | Info | '/transaction/postGenerateBills' | 
10:41:20.818 | Info | '/transaction/postGenerateBills' | 
10:42:54.452 | Info | '/transaction/postGenerateBills' | 
10:43:13.043 | Info | '/transaction/postGenerateBills' | 
10:47:25.844 | Info | '/transaction/postGenerateBills' | 
10:48:58.869 | Info | '/transaction/postGenerateBills' | 
10:51:52.426 | Info | '/transaction/postGenerateBills' | 
10:54:29.116 | Info | '/transaction/postGenerateBills' | 
10:55:33.962 | Info | '/transaction/postGenerateBills' | 
10:55:57.692 | Info | '/transaction/postGenerateBills' | 
10:56:49.844 | Info | '/transaction/postGenerateBills' | 
10:57:05.393 | Info | '/transaction/postGenerateBills' | 
10:58:33.874 | Info | '/transaction/postGenerateBills' | 
10:59:15.560 | Info | '/transaction/postGenerateBills' | 
11:00:30.942 | Info | '/transaction/postGenerateBills' | 
11:02:20.713 | Info | '/transaction/postGenerateBills' | 
11:03:05.479 | Info | '/transaction/postGenerateBills' | 
11:03:05.690 | Info | ({}) | 
11:04:24.156 | Info | '/transaction/postGenerateBills' | 
11:04:24.162 | Info | ({}) | 
11:04:58.068 | Info | '/transaction/postGenerateBills' | 
11:05:29.746 | Info | '/transaction/postGenerateBills' | 
11:07:37.502 | Info | '/transaction/postGenerateBills' | 
11:08:21.419 | Info | '/transaction/postGenerateBills' | 
11:10:50.154 | Info | '/transaction/postGenerateBills' | 
11:11:38.334 | Info | '/transaction/postGenerateBills' | 
11:13:36.406 | Info | '/transaction/postGenerateBills' | 
11:13:59.595 | Info | '/transaction/postGenerateBills' | 
11:15:12.543 | Info | '/transaction/postGenerateBills' | 
11:15:12.834 | Info | ({}) | 
11:16:15.665 | Info | '/transaction/postGenerateBills' | 
11:17:28.837 | Info | '/transaction/postGenerateBills' | 
11:18:58.671 | Info | '/transaction/postGenerateBills' | 
11:19:24.907 | Info | '/transaction/postGenerateBills' | 
11:23:15.842 | Info | '/transaction/postGenerateBills' | 
11:23:15.855 | Info | ({'code':'MODULE_NOT_FOUND','requireStack':['C:\\Users\\Ibm\\Downloads\\E-DMS\\backend\\NodeJSBoiler\\app.js','C:\\Users\\Ibm\\Downloads\\E-DMS\\backend\\NodeJSBoiler\\bin\\www']}) | 
11:24:16.908 | Info | '/transaction/GetGenerateBills' | 
11:24:16.936 | Info | ({'code':'MODULE_NOT_FOUND','requireStack':['C:\\Users\\Ibm\\Downloads\\E-DMS\\backend\\NodeJSBoiler\\app.js','C:\\Users\\Ibm\\Downloads\\E-DMS\\backend\\NodeJSBoiler\\bin\\www']}) | 
11:25:05.629 | Info | '/transaction/getGenerateBills' | 
11:25:05.672 | Info | ({'code':'MODULE_NOT_FOUND','requireStack':['C:\\Users\\Ibm\\Downloads\\E-DMS\\backend\\NodeJSBoiler\\app.js','C:\\Users\\Ibm\\Downloads\\E-DMS\\backend\\NodeJSBoiler\\bin\\www']}) | 
11:26:28.220 | Info | '/transaction/createGenerateBills' | 
11:26:28.252 | Info | ({'code':'MODULE_NOT_FOUND','requireStack':['C:\\Users\\Ibm\\Downloads\\E-DMS\\backend\\NodeJSBoiler\\app.js','C:\\Users\\Ibm\\Downloads\\E-DMS\\backend\\NodeJSBoiler\\bin\\www']}) | 
11:27:14.497 | Info | '/transaction/createGenerateBills' | 
11:27:14.507 | Info | ({'code':'MODULE_NOT_FOUND','requireStack':['C:\\Users\\Ibm\\Downloads\\E-DMS\\backend\\NodeJSBoiler\\app.js','C:\\Users\\Ibm\\Downloads\\E-DMS\\backend\\NodeJSBoiler\\bin\\www']}) | 
11:27:48.598 | Info | '/transaction/createGenerateBills' | 
11:27:48.615 | Info | ({'code':'MODULE_NOT_FOUND','requireStack':['C:\\Users\\Ibm\\Downloads\\E-DMS\\backend\\NodeJSBoiler\\app.js','C:\\Users\\Ibm\\Downloads\\E-DMS\\backend\\NodeJSBoiler\\bin\\www']}) | 
11:28:39.622 | Info | '/transaction/getGenerateBills' | 
11:29:06.267 | Info | '/transaction/createGenerateBills' | 
11:29:06.302 | Info | ({'code':'MODULE_NOT_FOUND','requireStack':['C:\\Users\\Ibm\\Downloads\\E-DMS\\backend\\NodeJSBoiler\\app.js','C:\\Users\\Ibm\\Downloads\\E-DMS\\backend\\NodeJSBoiler\\bin\\www']}) | 
11:29:51.963 | Info | '/transaction/getfetchlastBillByMeterId' | 
11:30:22.894 | Info | '/transaction/getfetchlastBillByMeterId' | 
11:36:04.503 | Info | '/transaction/createGenerateBills' | 
11:39:44.256 | Info | '/transaction/createGenerateBills' | 
11:40:17.952 | Info | '/transaction/createGenerateBills' | 
11:41:26.660 | Info | '/transaction/createGenerateBills' | 
11:42:38.857 | Info | '/transaction/createGenerateBills' | 
11:43:23.609 | Info | '/transaction/createGenerateBills' | 
11:44:25.953 | Info | '/transaction/createGenerateBills' | 
11:45:59.315 | Info | '/transaction/createGenerateBills' | 
11:47:20.129 | Info | '/transaction/createGenerateBills' | 
11:50:31.207 | Info | '/transaction/createGenerateBills' | 
11:52:10.555 | Info | '/transaction/createGenerateBills' | 
11:52:10.864 | Info | ({}) | 
11:53:41.573 | Info | '/transaction/createGenerateBills' | 
11:53:41.818 | Info | ({}) | 
11:55:53.727 | Info | '/transaction/createGenerateBills' | 
11:55:54.060 | Info | ({}) | 
11:58:37.154 | Info | '/transaction/createGenerateBills' | 
11:58:37.467 | Info | ({}) | 
11:59:11.765 | Info | '/transaction/createGenerateBills' | 
11:59:12.023 | Info | ({}) | 
11:59:41.074 | Info | '/transaction/createGenerateBills' | 
12:02:38.282 | Info | '/transaction/createGenerateBills' | 
12:02:38.423 | Info | ({}) | 
12:05:22.466 | Info | '/transaction/createGenerateBills' | 
12:07:11.107 | Info | '/transaction/createGenerateBills' | 
12:07:52.942 | Info | '/transaction/createGenerateBills' | 
12:07:53.086 | Info | ({}) | 
12:08:28.141 | Info | '/transaction/createGenerateBills' | 
12:08:28.280 | Info | ({}) | 
12:08:54.981 | Info | '/transaction/createGenerateBills' | 
12:09:28.757 | Info | '/transaction/createGenerateBills' | 
12:11:45.736 | Info | '/transaction/createGenerateBills' | 
12:11:52.132 | Info | '/transaction/createGenerateBills' | 
12:13:58.557 | Info | '/transaction/createGenerateBills' | 
12:15:11.620 | Info | '/transaction/createGenerateBills' | 
12:15:32.405 | Info | '/transaction/createGenerateBills' | 
12:15:57.046 | Info | '/transaction/createGenerateBills' | 
12:16:58.395 | Info | '/transaction/createGenerateBills' | 
