00:02:41.462 | Info | '/transaction/getCustomerType' | 
00:03:26.561 | Info | '/transaction/getCustomerType' | 
00:03:33.957 | Info | '/transaction/getCustomerType' | 
00:03:59.247 | Info | '/transaction/getCustomerType' | 
00:04:46.338 | Info | '/transaction/getCustomerType' | 
00:05:04.274 | Info | '/transaction/getCustomerType' | 
00:05:43.340 | Info | '/transaction/getCustomerType' | 
00:06:24.923 | Info | '/transaction/getCustomerType' | 
00:06:26.736 | Info | '/transaction/getCustomerType' | 
00:06:38.833 | Info | '/transaction/createCustomerType' | 
00:06:38.853 | Info | ({'message':'Column \'username\' cannot be null','code':'ER_BAD_NULL_ERROR','errno':1048,'sqlState':'23000','sqlMessage':'Column \'username\' cannot be null'}) | 
00:06:38.873 | Info | '/transaction/getCustomerType' | 
00:07:13.164 | Info | '/transaction/getCustomerType' | 
00:07:20.908 | Info | '/transaction/createCustomerType' | 
00:07:20.913 | Info | ({'message':'Column \'username\' cannot be null','code':'ER_BAD_NULL_ERROR','errno':1048,'sqlState':'23000','sqlMessage':'Column \'username\' cannot be null'}) | 
00:07:20.943 | Info | '/transaction/getCustomerType' | 
00:18:08.343 | Info | '/transaction/getCustomerType' | 
00:18:09.946 | Info | '/transaction/getCustomerType' | 
00:18:44.242 | Info | '/transaction/getDeviceType' | 
00:18:45.453 | Info | '/transaction/getCustomerType' | 
00:19:45.260 | Info | '/transaction/getDeviceType' | 
00:19:46.274 | Info | '/transaction/getCustomerType' | 
00:20:11.091 | Info | '/transaction/getDeviceType' | 
00:20:13.711 | Info | '/transaction/getCustomerType' | 
00:21:26.436 | Info | '/transaction/getCustomerType' | 
00:21:29.256 | Info | '/transaction/getDeviceType' | 
00:21:31.460 | Info | '/transaction/getNetworkType' | 
00:21:32.626 | Info | '/transaction/getCustomerType' | 
00:22:30.803 | Info | '/transaction/getCustomerType' | 
00:24:07.935 | Info | '/transaction/getCustomerType' | 
00:24:09.984 | Info | '/transaction/getDeviceType' | 
00:24:11.421 | Info | '/transaction/getCustomerType' | 
00:24:50.026 | Info | '/transaction/createCustomerType' | 
00:24:50.032 | Info | ({'message':'Column \'username\' cannot be null','code':'ER_BAD_NULL_ERROR','errno':1048,'sqlState':'23000','sqlMessage':'Column \'username\' cannot be null'}) | 
00:24:50.058 | Info | '/transaction/getCustomerType' | 
00:25:10.769 | Info | '/transaction/getDeviceType' | 
00:25:12.059 | Info | '/transaction/getCustomerType' | 
00:25:14.299 | Info | '/transaction/getCustomerType' | 
00:25:22.013 | Info | '/transaction/getCustomerType' | 
00:25:47.144 | Info | '/transaction/createCustomerType' | 
00:25:47.150 | Info | ({'message':'Column \'username\' cannot be null','code':'ER_BAD_NULL_ERROR','errno':1048,'sqlState':'23000','sqlMessage':'Column \'username\' cannot be null'}) | 
00:25:47.174 | Info | '/transaction/getCustomerType' | 
00:43:06.825 | Info | '/transaction/getDeviceType' | 
00:43:08.137 | Info | '/transaction/getCustomerType' | 
00:43:36.810 | Info | '/transaction/createCustomerType' | 
00:43:36.839 | Info | ({'message':'Column \'username\' cannot be null','code':'ER_BAD_NULL_ERROR','errno':1048,'sqlState':'23000','sqlMessage':'Column \'username\' cannot be null'}) | 
00:43:36.936 | Info | '/transaction/getCustomerType' | 
02:21:18.743 | Info | '/transaction/getDeviceType' | 
02:21:20.015 | Info | '/transaction/getNetworkType' | 
02:21:21.313 | Info | '/transaction/getRolesType' | 
02:22:16.686 | Info | '/transaction/getDeviceType' | 
02:22:18.549 | Info | '/transaction/getDeviceType' | 
02:22:20.438 | Info | '/transaction/getDeviceType' | 
02:22:23.376 | Info | '/transaction/getDeviceType' | 
02:22:25.038 | Info | '/transaction/getDeviceType' | 
02:22:27.042 | Info | '/transaction/getDeviceType' | 
02:22:28.810 | Info | '/transaction/getDeviceType' | 
02:22:48.676 | Info | '/transaction/getDeviceType' | 
02:26:13.059 | Info | '/transaction/getCustomerType' | 
02:26:20.624 | Info | '/transaction/getDeviceType' | 
02:26:22.924 | Info | '/transaction/getNetworkType' | 
02:26:31.484 | Info | '/transaction/getDeviceType' | 
02:26:32.422 | Info | '/transaction/getDeviceType' | 
02:26:36.708 | Info | '/transaction/getDeviceType' | 
02:26:39.344 | Info | '/transaction/getDeviceType' | 
02:26:41.356 | Info | '/transaction/getDeviceType' | 
02:26:43.589 | Info | '/transaction/getDeviceType' | 
02:26:48.702 | Info | '/transaction/getDeviceType' | 
02:27:04.035 | Info | '/transaction/getCustomerType' | 
02:27:08.249 | Info | '/transaction/getCustomersDetails' | 
02:28:01.066 | Info | '/transaction/getCustomerType' | 
02:30:36.603 | Info | '/transaction/getDeviceType' | 
02:30:38.660 | Info | '/transaction/getDeviceType' | 
02:30:45.436 | Info | '/transaction/getCustomersDetails' | 
02:41:59.735 | Info | '/transaction/getCustomerType' | 
02:42:12.820 | Info | '/transaction/getCustomersDetails' | 
02:43:25.954 | Info | '/transaction/getCustomerType' | 
02:43:35.935 | Info | '/transaction/getCustomersDetails' | 
02:43:41.807 | Info | '/transaction/getCustomersDetails' | 
02:44:50.993 | Info | '/transaction/getCustomerType' | 
02:45:00.752 | Info | '/transaction/getCustomersDetails' | 
02:45:05.068 | Info | '/transaction/getCustomersDetails' | 
02:55:05.959 | Info | '/api/user/login' | 
02:55:13.073 | Info | '/transaction/getCustomerType' | 
02:55:15.849 | Info | '/transaction/getCustomersDetails' | 
02:56:40.898 | Info | '/transaction/getCustomerType' | 
02:57:09.789 | Info | '/transaction/getCustomerType' | 
02:57:55.743 | Info | '/transaction/getCustomersDetails' | 
02:57:56.793 | Info | '/transaction/getCustomersDetails' | 
02:58:00.198 | Info | '/transaction/getCustomersDetails' | 
02:58:07.422 | Info | '/transaction/getCustomerType' | 
02:58:09.522 | Info | '/transaction/getCustomersDetails' | 
02:58:16.099 | Info | '/transaction/getCustomerType' | 
02:58:18.476 | Info | '/transaction/getCustomersDetails' | 
02:58:22.402 | Info | '/transaction/getCustomerType' | 
02:59:08.491 | Info | '/transaction/getCustomersDetails' | 
02:59:41.640 | Info | '/transaction/getCustomersDetails' | 
03:00:27.224 | Info | '/transaction/getCustomersDetails' | 
03:01:09.704 | Info | '/transaction/getCustomersDetails' | 
03:01:09.727 | Info | '/transaction/getCustomersDetails' | 
03:03:08.717 | Info | '/transaction/getCustomersDetails' | 
03:03:08.725 | Info | '/transaction/getCustomersDetails' | 
03:04:55.156 | Info | '/transaction/getCustomerType' | 
03:05:06.095 | Info | '/transaction/getCustomersDetails' | 
03:05:37.722 | Info | '/transaction/getCustomerType' | 
03:05:40.804 | Info | '/transaction/getCustomersDetails' | 
03:06:24.774 | Info | '/transaction/getCustomersDetails' | 
03:06:44.216 | Info | '/transaction/getCustomersDetails' | 
03:06:53.322 | Info | '/transaction/getCustomersDetails' | 
03:08:31.579 | Info | '/transaction/getCustomerType' | 
03:09:03.677 | Info | '/transaction/getCustomerType' | 
03:10:24.082 | Info | '/transaction/getCustomerType' | 
03:10:31.132 | Info | '/transaction/getCustomerType' | 
03:13:21.472 | Info | '/transaction/getCustomerType' | 
03:14:18.877 | Info | '/transaction/getCustomersDetails' | 
03:14:18.885 | Info | '/transaction/getCustomersDetails' | 
03:14:25.439 | Info | '/transaction/getCustomersDetails' | 
03:14:25.443 | Info | '/transaction/getCustomersDetails' | 
03:15:30.510 | Info | '/transaction/getCustomersDetails' | 
03:15:30.516 | Info | '/transaction/getCustomersDetails' | 
03:15:34.897 | Info | '/transaction/getCustomersDetails' | 
03:15:34.911 | Info | '/transaction/getCustomersDetails' | 
03:16:12.575 | Info | '/transaction/getCustomersDetails' | 
03:18:30.992 | Info | '/transaction/getCustomerType' | 
03:18:36.454 | Info | '/transaction/getCustomerType' | 
03:18:52.858 | Info | '/transaction/getCustomerType' | 
03:18:57.773 | Info | '/transaction/getCustomerType' | 
03:19:52.007 | Info | '/transaction/getCustomerType' | 
03:19:53.663 | Info | '/transaction/getCustomersDetails' | 
03:19:53.668 | Info | '/transaction/getCustomersDetails' | 
03:20:39.416 | Info | '/transaction/getCustomersDetails' | 
03:20:39.462 | Info | '/transaction/getCustomersDetails' | 
03:20:45.624 | Info | '/transaction/getCustomerType' | 
03:20:47.836 | Info | '/transaction/getCustomersDetails' | 
03:20:47.852 | Info | '/transaction/getCustomersDetails' | 
