09:47:53.054 | Info | '/api/user/login' | 
09:48:03.108 | Info | '/api/user/login' | 
09:48:03.140 | Info | '/transaction/getMyDetails' | 
09:48:15.909 | Info | '/transaction/getCustomerType' | 
09:48:21.406 | Info | '/transaction/getAnalytics' | 
09:48:24.270 | Info | '/transaction/getMyDetails' | 
09:48:25.622 | Info | '/transaction/getAnalytics' | 
09:48:33.924 | Info | '/transaction/getMeterInfo' | 
09:48:35.410 | Info | '/transaction/getNetworkInfo' | 
09:48:39.688 | Info | '/transaction/getBillHistory' | 
09:48:44.845 | Info | '/transaction/getAnalytics' | 
09:50:32.259 | Info | '/transaction/getCustomersDetails' | 
09:50:37.221 | Info | '/transaction/getCustomersDetails' | 
09:50:43.537 | Info | '/transaction/getCustomerType' | 
09:50:45.975 | Info | '/transaction/getCustomersDetails' | 
09:54:58.205 | Info | '/transaction/getCustomerType' | 
09:55:00.737 | Info | '/transaction/getCustomersDetails' | 
09:55:12.328 | Info | '/transaction/getCustomerType' | 
09:55:14.966 | Info | '/transaction/getCustomersDetails' | 
09:56:28.405 | Info | '/transaction/getCustomersDetails' | 
09:56:37.270 | Info | '/transaction/getCustomerType' | 
09:56:39.928 | Info | '/transaction/getCustomersDetails' | 
09:56:51.274 | Info | '/transaction/getCustomersDetails' | 
09:57:01.397 | Info | '/transaction/getCustomersDetails' | 
09:58:15.430 | Info | '/transaction/getCustomersDetails' | 
09:58:29.403 | Info | '/transaction/getCustomersDetails' | 
09:58:47.406 | Info | '/transaction/getCustomersDetails' | 
09:58:57.348 | Info | '/transaction/getCustomerType' | 
09:58:59.818 | Info | '/transaction/getCustomersDetails' | 
09:59:30.420 | Info | '/transaction/getCustomersDetails' | 
09:59:40.413 | Info | '/transaction/getCustomersDetails' | 
09:59:45.412 | Info | '/transaction/getCustomersDetails' | 
09:59:47.417 | Info | '/transaction/getCustomersDetails' | 
09:59:49.799 | Info | '/transaction/getCustomersDetails' | 
09:59:50.951 | Info | '/transaction/getCustomersDetails' | 
10:00:14.943 | Info | '/transaction/getCustomersDetails' | 
10:00:24.436 | Info | '/transaction/getCustomersDetails' | 
10:00:26.407 | Info | '/transaction/getCustomersDetails' | 
10:00:39.413 | Info | '/transaction/getCustomersDetails' | 
10:00:44.399 | Info | '/transaction/getCustomersDetails' | 
10:00:48.409 | Info | '/transaction/getCustomersDetails' | 
10:00:50.416 | Info | '/transaction/getCustomersDetails' | 
10:00:57.413 | Info | '/transaction/getCustomersDetails' | 
10:01:03.412 | Info | '/transaction/getCustomersDetails' | 
10:01:08.543 | Info | '/transaction/getCustomersDetails' | 
10:01:49.406 | Info | '/transaction/getCustomersDetails' | 
10:01:54.418 | Info | '/transaction/getCustomersDetails' | 
10:02:02.331 | Info | '/transaction/getCustomersDetails' | 
10:02:03.167 | Info | '/transaction/getCustomersDetails' | 
10:02:21.410 | Info | '/transaction/getCustomersDetails' | 
10:02:35.423 | Info | '/transaction/getCustomersDetails' | 
10:02:50.158 | Info | '/transaction/getCustomersDetails' | 
10:03:00.419 | Info | '/transaction/getCustomersDetails' | 
10:03:02.982 | Info | '/transaction/getCustomersDetails' | 
10:03:12.118 | Info | '/transaction/getCustomerType' | 
10:03:14.278 | Info | '/transaction/getCustomersDetails' | 
10:04:22.062 | Info | '/transaction/getCustomersDetails' | 
10:04:43.476 | Info | '/transaction/getCustomersDetails' | 
10:04:46.406 | Info | '/transaction/getCustomersDetails' | 
10:04:50.463 | Info | '/transaction/getCustomersDetails' | 
10:05:42.431 | Info | '/transaction/getCustomersDetails' | 
10:06:28.427 | Info | '/transaction/getCustomersDetails' | 
10:06:33.620 | Info | '/transaction/getCustomersDetails' | 
10:06:48.409 | Info | '/transaction/getCustomersDetails' | 
10:06:54.712 | Info | '/transaction/getCustomersDetails' | 
10:07:05.057 | Info | '/transaction/getCustomersDetails' | 
10:07:20.392 | Info | '/transaction/getCustomersDetails' | 
10:07:25.399 | Info | '/transaction/getCustomersDetails' | 
10:07:35.348 | Info | '/transaction/getCustomersDetails' | 
10:07:37.032 | Info | '/transaction/getCustomersDetails' | 
10:07:43.410 | Info | '/transaction/getCustomersDetails' | 
10:07:44.399 | Info | '/transaction/getCustomersDetails' | 
10:08:00.406 | Info | '/transaction/getCustomersDetails' | 
10:08:14.402 | Info | '/transaction/getCustomersDetails' | 
10:08:15.403 | Info | '/transaction/getCustomersDetails' | 
10:08:18.811 | Info | '/transaction/getCustomersDetails' | 
10:08:32.049 | Info | '/transaction/getCustomerType' | 
10:08:34.250 | Info | '/transaction/getCustomersDetails' | 
10:08:43.429 | Info | '/transaction/getCustomersDetails' | 
10:08:44.061 | Info | '/transaction/getCustomersDetails' | 
10:08:50.411 | Info | '/transaction/getCustomersDetails' | 
10:08:58.429 | Info | '/transaction/getCustomersDetails' | 
10:09:01.416 | Info | '/transaction/getCustomersDetails' | 
10:09:03.420 | Info | '/transaction/getCustomersDetails' | 
10:09:07.471 | Info | '/transaction/getCustomersDetails' | 
10:09:09.600 | Info | '/transaction/getCustomersDetails' | 
10:09:51.416 | Info | '/transaction/getCustomersDetails' | 
10:10:01.269 | Info | '/transaction/getCustomerType' | 
10:10:03.345 | Info | '/transaction/getCustomersDetails' | 
10:10:21.434 | Info | '/transaction/getCustomersDetails' | 
10:10:47.565 | Info | '/transaction/getCustomersDetails' | 
10:10:57.409 | Info | '/transaction/getCustomersDetails' | 
10:11:05.596 | Info | '/transaction/getCustomersDetails' | 
10:11:12.414 | Info | '/transaction/getCustomersDetails' | 
10:12:06.420 | Info | '/transaction/getCustomersDetails' | 
10:12:12.416 | Info | '/transaction/getCustomersDetails' | 
10:12:17.416 | Info | '/transaction/getCustomersDetails' | 
10:12:22.408 | Info | '/transaction/getCustomersDetails' | 
10:12:26.430 | Info | '/transaction/getCustomersDetails' | 
10:12:47.435 | Info | '/transaction/getCustomersDetails' | 
10:12:54.422 | Info | '/transaction/getCustomersDetails' | 
10:12:58.435 | Info | '/transaction/getCustomersDetails' | 
10:13:05.128 | Info | '/transaction/getCustomersDetails' | 
10:13:16.850 | Info | '/transaction/getCustomerType' | 
10:13:19.787 | Info | '/transaction/getCustomersDetails' | 
10:14:00.492 | Info | '/transaction/getCustomersDetails' | 
10:14:15.448 | Info | '/transaction/getCustomersDetails' | 
10:14:45.428 | Info | '/transaction/getCustomersDetails' | 
10:14:49.421 | Info | '/transaction/getCustomersDetails' | 
10:14:52.412 | Info | '/transaction/getCustomersDetails' | 
10:14:56.415 | Info | '/transaction/getCustomersDetails' | 
10:15:13.413 | Info | '/transaction/getCustomersDetails' | 
10:15:22.415 | Info | '/transaction/getCustomersDetails' | 
10:15:29.425 | Info | '/transaction/getCustomersDetails' | 
10:15:31.410 | Info | '/transaction/getCustomersDetails' | 
10:15:37.478 | Info | '/transaction/getCustomersDetails' | 
10:15:53.418 | Info | '/transaction/getCustomersDetails' | 
10:15:56.409 | Info | '/transaction/getCustomersDetails' | 
10:16:02.411 | Info | '/transaction/getCustomersDetails' | 
10:16:06.428 | Info | '/transaction/getCustomersDetails' | 
10:16:19.472 | Info | '/transaction/getCustomerType' | 
10:16:24.210 | Info | '/transaction/getCustomersDetails' | 
10:18:09.789 | Info | '/transaction/getCustomersDetails' | 
10:18:24.418 | Info | '/transaction/getCustomersDetails' | 
10:18:28.438 | Info | '/transaction/getCustomersDetails' | 
10:18:34.481 | Info | '/transaction/getCustomersDetails' | 
10:18:49.072 | Info | '/transaction/getCustomersDetails' | 
10:18:53.400 | Info | '/transaction/getCustomersDetails' | 
10:18:58.412 | Info | '/transaction/getCustomersDetails' | 
10:18:59.406 | Info | '/transaction/getCustomersDetails' | 
10:19:16.454 | Info | '/transaction/getCustomersDetails' | 
10:19:18.119 | Info | '/transaction/getCustomersDetails' | 
10:19:39.417 | Info | '/transaction/getCustomersDetails' | 
10:19:44.410 | Info | '/transaction/getCustomersDetails' | 
10:19:45.644 | Info | '/transaction/getCustomersDetails' | 
10:20:09.406 | Info | '/transaction/getCustomersDetails' | 
10:26:20.406 | Info | '/transaction/getCustomersDetails' | 
10:26:27.406 | Info | '/transaction/getCustomersDetails' | 
10:26:31.416 | Info | '/transaction/getCustomersDetails' | 
10:26:32.414 | Info | '/transaction/getCustomersDetails' | 
10:26:50.170 | Info | '/transaction/getCustomersDetails' | 
10:27:21.597 | Info | '/transaction/getCustomerType' | 
10:27:27.254 | Info | '/transaction/getCustomersDetails' | 
10:27:39.219 | Info | '/transaction/getDeviceType' | 
10:27:42.836 | Info | '/transaction/getNetworkType' | 
10:27:44.219 | Info | '/transaction/getRolesType' | 
10:27:46.232 | Info | '/transaction/getComplaintsType' | 
10:27:55.959 | Info | '/transaction/getMyDetails' | 
10:27:57.194 | Info | '/transaction/getAnalytics' | 
10:28:02.461 | Info | '/transaction/getMyDetails' | 
10:28:04.147 | Info | '/transaction/getMeterInfo' | 
10:28:06.841 | Info | '/transaction/getNetworkInfo' | 
10:28:13.054 | Info | '/transaction/getBillHistory' | 
10:29:19.909 | Info | '/transaction/createComplaintsType' | 
10:29:19.968 | Info | '/transaction/getAnalytics' | 
10:29:30.355 | Info | '/transaction/getRolesType' | 
10:29:31.466 | Info | '/transaction/getComplaintsType' | 
22:38:04.097 | Info | '/api/user/login' | 
22:38:17.680 | Info | '/api/user/login' | 
22:38:17.714 | Info | '/transaction/getMyDetails' | 
22:38:59.358 | Info | '/transaction/getCustomerType' | 
22:39:19.572 | Info | '/transaction/getCustomerType' | 
22:39:28.098 | Info | '/transaction/getCustomersDetails' | 
23:09:31.188 | Info | '/transaction/getCustomersDetails' | 
23:10:02.012 | Info | '/transaction/getCustomerType' | 
23:10:09.344 | Info | '/transaction/getCustomersDetails' | 
23:10:16.149 | Info | '/transaction/getComplaintsType' | 
23:10:21.979 | Info | '/transaction/getAnalytics' | 
23:10:24.105 | Info | '/transaction/getMyDetails' | 
23:10:25.982 | Info | '/transaction/getAnalytics' | 
23:10:29.823 | Info | '/transaction/getMyDetails' | 
23:10:31.117 | Info | '/transaction/getMeterInfo' | 
23:10:32.358 | Info | '/transaction/getNetworkInfo' | 
23:10:35.056 | Info | '/transaction/getBillHistory' | 
23:11:16.942 | Info | '/transaction/createComplaintsType' | 
23:11:17.096 | Info | '/transaction/getAnalytics' | 
