01:04:13.070 | Info | '/api/user/login' | 
01:04:16.487 | Info | '/transaction/getCustomerType' | 
01:04:30.615 | Info | '/api/user/login' | 
01:04:33.625 | Info | '/transaction/getMeterInfo' | 
01:05:42.759 | Info | '/transaction/getCustomersDetails' | 
01:05:46.109 | Info | '/transaction/getCustomersDetails' | 
01:06:02.743 | Info | '/transaction/getNetworkInfo' | 
01:06:09.150 | Info | '/transaction/getDeviceType' | 
01:06:09.403 | Info | '/transaction/getCustomerType' | 
01:06:57.825 | Info | '/transaction/getCustomersDetails' | 
01:08:23.805 | Info | '/api/user/login' | 
01:08:26.989 | Info | '/transaction/getCustomerType' | 
01:08:43.951 | Info | '/api/user/login' | 
01:08:46.334 | Info | '/api/user/login' | 
01:08:50.530 | Info | '/api/user/login' | 
01:08:52.610 | Info | '/transaction/getMeterInfo' | 
01:08:55.541 | Info | '/transaction/getNetworkInfo' | 
01:08:58.025 | Info | '/transaction/getMeterInfo' | 
01:09:08.663 | Info | '/transaction/getCustomerType' | 
01:09:25.608 | Info | '/transaction/getCustomerType' | 
01:09:27.508 | Info | '/transaction/getCustomersDetails' | 
01:09:33.128 | Info | '/transaction/getCustomersDetails' | 
01:09:43.235 | Info | '/transaction/getCustomerType' | 
01:09:45.912 | Info | '/transaction/getCustomersDetails' | 
01:09:53.855 | Info | '/transaction/getCustomerType' | 
01:09:56.121 | Info | '/transaction/getCustomersDetails' | 
01:11:09.950 | Info | '/transaction/getCustomerType' | 
01:11:13.297 | Info | '/transaction/getCustomersDetails' | 
01:11:49.217 | Info | '/transaction/getCustomerType' | 
01:11:51.810 | Info | '/transaction/getCustomersDetails' | 
01:12:08.322 | Info | '/transaction/getCustomersDetails' | 
01:12:11.302 | Info | '/transaction/getCustomersDetails' | 
01:12:13.803 | Info | '/transaction/getCustomerType' | 
01:12:16.681 | Info | '/transaction/getCustomerType' | 
01:12:18.592 | Info | '/transaction/getDeviceType' | 
01:12:19.995 | Info | '/transaction/getCustomerType' | 
01:12:22.685 | Info | '/transaction/getCustomersDetails' | 
01:12:28.035 | Info | '/transaction/getCustomersDetails' | 
01:12:37.221 | Info | '/transaction/getCustomerType' | 
01:12:40.427 | Info | '/transaction/getCustomersDetails' | 
01:13:33.783 | Info | '/transaction/getCustomerType' | 
01:13:35.622 | Info | '/transaction/getCustomersDetails' | 
03:25:30.202 | Info | '/api/user/login' | 
03:25:45.968 | Info | '/api/user/login' | 
03:25:54.705 | Info | '/transaction/getCustomerType' | 
03:26:14.198 | Info | '/transaction/getCustomersDetails' | 
03:26:20.953 | Info | '/transaction/getCustomersDetails' | 
03:26:27.120 | Info | '/transaction/getCustomerType' | 
03:26:29.859 | Info | '/transaction/getCustomersDetails' | 
03:27:32.395 | Info | '/transaction/getCustomerType' | 
03:27:35.213 | Info | '/transaction/getCustomersDetails' | 
03:28:30.149 | Info | '/transaction/getCustomerType' | 
03:29:16.919 | Info | '/transaction/createCustomerType' | 
03:29:16.946 | Info | ({'message':'Column \'address\' cannot be null','code':'ER_BAD_NULL_ERROR','errno':1048,'sqlState':'23000','sqlMessage':'Column \'address\' cannot be null'}) | 
03:29:16.985 | Info | '/transaction/getCustomerType' | 
03:29:21.438 | Info | '/transaction/getCustomerType' | 
03:29:38.570 | Info | '/transaction/getCustomerType' | 
03:32:07.530 | Info | '/transaction/createCustomerType' | 
03:32:07.703 | Info | '/transaction/getCustomerType' | 
03:32:28.264 | Info | '/transaction/getMeterInfo' | 
03:32:30.226 | Info | '/transaction/getDeviceType' | 
03:32:32.153 | Info | '/transaction/getDeviceType' | 
03:32:36.671 | Info | '/transaction/getNetworkInfo' | 
03:32:40.513 | Info | '/transaction/getMeterInfo' | 
03:32:45.761 | Info | '/transaction/getMeterInfo' | 
03:33:08.937 | Info | '/transaction/getCustomersDetails' | 
03:35:19.803 | Info | '/transaction/getNetworkInfo' | 
03:36:11.962 | Info | '/transaction/getNetworkType' | 
03:36:57.479 | Info | '/transaction/createNetworkType' | 
03:36:57.626 | Info | '/transaction/getNetworkType' | 
03:37:13.028 | Info | '/transaction/getNetworkInfo' | 
03:37:16.209 | Info | '/transaction/getMeterInfo' | 
03:37:20.084 | Info | '/transaction/getNetworkInfo' | 
03:38:41.579 | Info | '/transaction/getNetworkInfo' | 
03:39:03.552 | Info | '/transaction/getNetworkInfo' | 
03:39:06.285 | Info | '/transaction/getNetworkInfo' | 
03:39:12.779 | Info | '/transaction/getNetworkInfo' | 
03:39:14.307 | Info | '/transaction/getMeterInfo' | 
03:39:29.988 | Info | '/transaction/getNetworkInfo' | 
03:39:34.823 | Info | '/transaction/getNetworkInfo' | 
03:40:25.161 | Info | '/transaction/getNetworkInfo' | 
03:40:27.087 | Info | '/transaction/getMeterInfo' | 
03:40:28.363 | Info | '/transaction/getMeterInfo' | 
03:40:30.339 | Info | '/transaction/getNetworkInfo' | 
03:40:46.883 | Info | '/transaction/getNetworkInfo' | 
03:40:48.318 | Info | '/transaction/getMeterInfo' | 
03:40:49.695 | Info | '/transaction/getMeterInfo' | 
03:40:51.703 | Info | '/transaction/getNetworkInfo' | 
03:41:06.812 | Info | '/transaction/getNetworkInfo' | 
03:42:21.703 | Info | '/transaction/getNetworkInfo' | 
03:42:23.716 | Info | '/transaction/getMeterInfo' | 
03:42:25.461 | Info | '/transaction/getNetworkInfo' | 
03:42:58.998 | Info | '/transaction/getNetworkInfo' | 
03:43:08.021 | Info | '/transaction/getNetworkInfo' | 
03:43:20.169 | Info | '/transaction/getMeterInfo' | 
03:43:22.285 | Info | '/transaction/getNetworkInfo' | 
03:43:25.850 | Info | '/transaction/getNetworkInfo' | 
03:43:30.075 | Info | '/transaction/getDeviceType' | 
03:43:31.555 | Info | '/transaction/getNetworkInfo' | 
03:45:43.906 | Info | '/transaction/getNetworkInfo' | 
