00:00:25.863 | Info | '/transaction/getCustomersDetails' | 
00:00:27.870 | Info | '/transaction/getCustomersDetails' | 
00:00:28.852 | Info | '/transaction/getCustomersDetails' | 
00:00:30.863 | Info | '/transaction/getCustomersDetails' | 
00:00:33.518 | Info | '/transaction/getCustomersDetails' | 
00:00:41.871 | Info | '/transaction/getCustomersDetails' | 
00:00:44.864 | Info | '/transaction/getCustomersDetails' | 
00:00:47.863 | Info | '/transaction/getCustomersDetails' | 
00:00:49.860 | Info | '/transaction/getCustomersDetails' | 
00:00:52.853 | Info | '/transaction/getCustomersDetails' | 
00:00:54.855 | Info | '/transaction/getCustomersDetails' | 
00:00:56.865 | Info | '/transaction/getCustomersDetails' | 
00:00:59.862 | Info | '/transaction/getCustomersDetails' | 
00:01:03.853 | Info | '/transaction/getCustomersDetails' | 
00:01:06.852 | Info | '/transaction/getCustomersDetails' | 
00:01:08.856 | Info | '/transaction/getCustomersDetails' | 
00:01:11.616 | Info | '/transaction/getCustomersDetails' | 
00:01:17.453 | Info | '/transaction/getCustomersDetails' | 
00:01:37.508 | Info | '/transaction/getCustomersDetails' | 
00:02:12.925 | Info | '/transaction/getCustomersDetails' | 
00:02:15.790 | Info | '/transaction/getCustomersDetails' | 
00:02:23.862 | Info | '/transaction/getCustomersDetails' | 
00:02:57.868 | Info | '/transaction/getCustomersDetails' | 
00:02:59.349 | Info | '/transaction/getCustomersDetails' | 
00:03:05.449 | Info | '/transaction/getCustomersDetails' | 
00:03:37.925 | Info | '/transaction/getCustomersDetails' | 
00:03:49.556 | Info | '/transaction/getCustomersDetails' | 
00:04:14.972 | Info | '/transaction/getCustomersDetails' | 
00:05:18.432 | Info | '/transaction/getCustomerType' | 
00:05:40.177 | Info | '/transaction/getCustomerType' | 
00:06:08.657 | Info | '/api/user/login' | 
00:06:10.863 | Info | '/transaction/getCustomerType' | 
00:06:12.721 | Info | '/transaction/getCustomersDetails' | 
00:06:55.805 | Info | '/transaction/getCustomersDetails' | 
00:06:58.479 | Info | '/transaction/getCustomerType' | 
00:07:00.341 | Info | '/transaction/getCustomersDetails' | 
00:08:05.968 | Info | '/transaction/getCustomersDetails' | 
00:08:05.971 | Info | '/transaction/getCustomersDetails' | 
00:08:12.146 | Info | '/transaction/getCustomersDetails' | 
00:08:31.888 | Info | '/transaction/getCustomersDetails' | 
00:08:31.909 | Info | '/transaction/getCustomersDetails' | 
00:08:50.855 | Info | '/transaction/getCustomerType' | 
00:08:50.859 | Info | '/transaction/getCustomerType' | 
00:08:55.907 | Info | '/transaction/getCustomerType' | 
00:08:55.980 | Info | '/transaction/getCustomerType' | 
00:08:56.543 | Info | '/transaction/getCustomerType' | 
00:09:01.930 | Info | '/transaction/getCustomerType' | 
00:09:09.024 | Info | '/transaction/getCustomerType' | 
00:09:11.168 | Info | '/transaction/getCustomerType' | 
00:09:21.297 | Info | '/transaction/getCustomerType' | 
00:09:22.772 | Info | '/transaction/getCustomerType' | 
00:09:25.145 | Info | '/transaction/getCustomerType' | 
00:09:37.870 | Info | '/transaction/getCustomersDetails' | 
00:09:40.863 | Info | '/transaction/getCustomersDetails' | 
00:09:53.272 | Info | '/transaction/getCustomersDetails' | 
00:10:05.019 | Info | '/transaction/getCustomersDetails' | 
00:10:15.729 | Info | '/api/user/login' | 
00:10:17.561 | Info | '/transaction/getCustomerType' | 
00:10:19.552 | Info | '/transaction/getCustomersDetails' | 
00:10:42.786 | Info | '/api/user/login' | 
00:10:45.383 | Info | '/transaction/getCustomerType' | 
00:10:47.963 | Info | '/transaction/getCustomersDetails' | 
00:10:58.436 | Info | '/transaction/getCustomerType' | 
00:11:00.146 | Info | '/transaction/getCustomerType' | 
00:11:02.383 | Info | '/transaction/getCustomersDetails' | 
00:11:43.097 | Info | '/transaction/getCustomerType' | 
00:11:46.695 | Info | '/transaction/getCustomerType' | 
00:11:49.814 | Info | '/transaction/getCustomersDetails' | 
00:12:06.544 | Info | '/transaction/getCustomersDetails' | 
00:12:08.484 | Info | '/transaction/getCustomerType' | 
00:12:09.797 | Info | '/transaction/getCustomerType' | 
00:12:11.950 | Info | '/transaction/getCustomersDetails' | 
00:12:38.400 | Info | '/api/user/login' | 
00:12:40.869 | Info | '/transaction/getCustomerType' | 
00:12:42.735 | Info | '/transaction/getCustomersDetails' | 
00:13:21.746 | Info | '/transaction/getCustomersDetails' | 
00:13:23.708 | Info | '/transaction/getCustomerType' | 
00:13:27.264 | Info | '/transaction/getCustomersDetails' | 
00:13:41.320 | Info | '/transaction/getCustomerType' | 
00:13:41.756 | Info | '/transaction/getCustomersDetails' | 
00:13:51.415 | Info | '/transaction/getCustomerType' | 
00:13:53.482 | Info | '/transaction/getCustomersDetails' | 
00:13:59.259 | Info | '/transaction/getCustomersDetails' | 
00:14:10.433 | Info | '/transaction/getCustomersDetails' | 
00:15:31.006 | Info | '/api/user/login' | 
00:15:32.977 | Info | '/transaction/getCustomerType' | 
00:15:35.241 | Info | '/transaction/getCustomersDetails' | 
00:16:10.941 | Info | '/transaction/getCustomerType' | 
00:16:12.812 | Info | '/transaction/getCustomerType' | 
00:16:14.287 | Info | '/transaction/getCustomerType' | 
00:16:17.375 | Info | '/transaction/getCustomerType' | 
00:16:41.948 | Info | '/transaction/getCustomersDetails' | 
00:16:47.499 | Info | '/transaction/getCustomersDetails' | 
00:16:50.331 | Info | '/transaction/getCustomerType' | 
00:16:51.737 | Info | '/transaction/getCustomerType' | 
00:16:53.534 | Info | '/transaction/getCustomersDetails' | 
00:17:13.812 | Info | '/transaction/getCustomerType' | 
00:17:15.164 | Info | '/transaction/getCustomerType' | 
00:17:17.100 | Info | '/transaction/getCustomersDetails' | 
00:17:32.627 | Info | '/transaction/getCustomerType' | 
00:17:33.800 | Info | '/transaction/getCustomerType' | 
00:17:35.193 | Info | '/transaction/getCustomersDetails' | 
00:18:50.158 | Info | '/transaction/getCustomerType' | 
00:19:15.828 | Info | '/transaction/getCustomersDetails' | 
00:20:00.862 | Info | '/transaction/getCustomersDetails' | 
00:20:05.858 | Info | '/transaction/getCustomersDetails' | 
00:20:08.856 | Info | '/transaction/getCustomersDetails' | 
00:20:17.238 | Info | '/transaction/getCustomerType' | 
00:20:18.659 | Info | '/transaction/getCustomerType' | 
00:20:20.642 | Info | '/transaction/getCustomersDetails' | 
00:20:29.880 | Info | '/transaction/getCustomersDetails' | 
00:20:40.876 | Info | '/transaction/getCustomersDetails' | 
00:20:44.980 | Info | '/transaction/getCustomerType' | 
00:20:46.573 | Info | '/transaction/getCustomerType' | 
00:20:48.473 | Info | '/transaction/getCustomersDetails' | 
00:22:14.255 | Info | '/transaction/getCustomerType' | 
00:22:16.452 | Info | '/transaction/getCustomersDetails' | 
00:23:05.605 | Info | '/api/user/login' | 
00:23:07.314 | Info | '/transaction/getCustomerType' | 
00:23:09.393 | Info | '/transaction/getCustomersDetails' | 
00:23:17.380 | Info | '/transaction/getCustomerType' | 
00:23:22.421 | Info | '/transaction/getCustomerType' | 
00:23:24.695 | Info | '/transaction/getCustomersDetails' | 
00:23:27.623 | Info | '/transaction/getCustomerType' | 
00:23:30.131 | Info | '/transaction/getCustomersDetails' | 
00:23:32.845 | Info | '/transaction/getCustomersDetails' | 
00:23:33.815 | Info | '/transaction/getCustomersDetails' | 
00:23:35.727 | Info | '/transaction/getCustomerType' | 
00:23:37.864 | Info | '/transaction/getCustomerType' | 
00:23:40.072 | Info | '/transaction/getCustomersDetails' | 
00:23:44.930 | Info | '/transaction/getCustomerType' | 
00:23:46.982 | Info | '/transaction/getCustomersDetails' | 
00:24:05.991 | Info | '/transaction/getCustomerType' | 
00:24:07.016 | Info | '/transaction/getCustomersDetails' | 
00:24:14.135 | Info | '/transaction/getCustomerType' | 
00:26:28.165 | Info | '/transaction/getCustomerType' | 
00:26:30.214 | Info | '/transaction/getCustomersDetails' | 
00:26:51.018 | Info | '/transaction/getCustomerType' | 
00:27:27.856 | Info | '/transaction/getCustomersDetails' | 
00:27:32.359 | Info | '/transaction/getCustomerType' | 
00:27:34.316 | Info | '/transaction/getCustomerType' | 
00:27:45.249 | Info | '/transaction/getCustomerType' | 
00:27:46.999 | Info | '/transaction/getCustomersDetails' | 
00:27:51.613 | Info | '/transaction/getCustomerType' | 
00:27:53.405 | Info | '/transaction/getCustomersDetails' | 
00:28:12.610 | Info | '/transaction/getCustomersDetails' | 
00:28:17.271 | Info | '/transaction/getCustomerType' | 
00:28:19.089 | Info | '/transaction/getCustomerType' | 
00:28:21.331 | Info | '/transaction/getCustomersDetails' | 
00:28:30.839 | Info | '/transaction/getCustomerType' | 
00:28:33.501 | Info | '/transaction/getCustomerType' | 
00:28:34.816 | Info | '/transaction/getCustomerType' | 
00:28:36.217 | Info | '/transaction/getCustomerType' | 
00:28:46.855 | Info | '/transaction/getCustomerType' | 
00:28:56.856 | Info | '/transaction/getCustomerType' | 
00:29:00.933 | Info | '/transaction/getCustomerType' | 
00:29:04.080 | Info | '/transaction/getCustomerType' | 
00:29:05.885 | Info | '/transaction/getCustomerType' | 
00:29:18.871 | Info | '/transaction/getCustomerType' | 
00:29:23.189 | Info | '/transaction/getCustomerType' | 
00:29:25.982 | Info | '/transaction/getCustomerType' | 
00:29:28.296 | Info | '/transaction/getCustomerType' | 
00:29:29.484 | Info | '/transaction/getCustomerType' | 
00:29:31.706 | Info | '/transaction/getCustomerType' | 
00:29:34.121 | Info | '/transaction/getCustomerType' | 
00:29:35.817 | Info | '/transaction/getCustomerType' | 
00:29:46.600 | Info | '/transaction/getCustomerType' | 
00:29:48.534 | Info | '/transaction/getCustomerType' | 
00:30:04.902 | Info | '/transaction/getDeviceType' | 
00:30:10.712 | Info | '/transaction/getNetworkType' | 
00:30:30.303 | Info | '/transaction/getDeviceType' | 
00:30:32.073 | Info | '/transaction/getNetworkType' | 
00:30:33.760 | Info | '/transaction/getRolesType' | 
00:30:36.146 | Info | '/transaction/getCustomerType' | 
00:31:13.557 | Info | '/transaction/createCustomerType' | 
00:31:13.576 | Info | ({'message':'Column \'username\' cannot be null','code':'ER_BAD_NULL_ERROR','errno':1048,'sqlState':'23000','sqlMessage':'Column \'username\' cannot be null'}) | 
00:31:13.618 | Info | '/transaction/getCustomerType' | 
00:34:38.547 | Info | '/transaction/createCustomerType' | 
00:34:38.553 | Info | ({'message':'Column \'password\' cannot be null','code':'ER_BAD_NULL_ERROR','errno':1048,'sqlState':'23000','sqlMessage':'Column \'password\' cannot be null'}) | 
00:52:39.857 | Info | '/transaction/getCustomerType' | 
00:53:36.104 | Info | '/api/user/login' | 
00:53:38.410 | Info | '/transaction/getCustomerType' | 
00:53:41.184 | Info | '/transaction/getCustomerType' | 
00:53:58.178 | Info | '/transaction/getCustomersDetails' | 
00:54:10.212 | Info | '/transaction/getCustomerType' | 
00:54:12.065 | Info | '/transaction/getCustomerType' | 
00:54:40.121 | Info | '/transaction/getCustomersDetails' | 
00:54:43.431 | Info | '/transaction/getCustomerType' | 
00:54:44.540 | Info | '/transaction/getCustomerType' | 
00:54:46.728 | Info | '/transaction/getCustomersDetails' | 
00:54:55.656 | Info | '/transaction/getCustomersDetails' | 
00:54:58.189 | Info | '/transaction/getCustomerType' | 
00:54:59.423 | Info | '/transaction/getCustomerType' | 
00:55:01.048 | Info | '/transaction/getCustomersDetails' | 
00:55:11.521 | Info | '/transaction/getCustomerType' | 
00:55:13.388 | Info | '/transaction/getCustomerType' | 
00:55:14.651 | Info | '/transaction/getCustomerType' | 
00:55:17.027 | Info | '/transaction/getCustomerType' | 
00:56:06.221 | Info | '/transaction/getCustomerType' | 
00:56:15.266 | Info | '/transaction/getCustomerType' | 
00:56:18.315 | Info | '/transaction/getCustomerType' | 
00:56:22.713 | Info | '/transaction/getDeviceType' | 
00:56:33.266 | Info | '/transaction/createDeviceType' | 
00:56:33.308 | Info | '/transaction/getDeviceType' | 
00:56:46.238 | Info | '/transaction/createDeviceType' | 
00:56:46.289 | Info | '/transaction/getDeviceType' | 
00:56:49.994 | Info | '/transaction/getCustomerType' | 
00:58:54.416 | Info | '/transaction/getDeviceType' | 
00:58:55.785 | Info | '/transaction/getDeviceType' | 
00:58:57.269 | Info | '/transaction/getCustomerType' | 
00:58:59.096 | Info | '/transaction/getCustomerType' | 
00:59:09.068 | Info | '/transaction/getCustomerType' | 
00:59:30.996 | Info | '/transaction/createCustomerType' | 
00:59:31.008 | Info | ({'message':'Column \'username\' cannot be null','code':'ER_BAD_NULL_ERROR','errno':1048,'sqlState':'23000','sqlMessage':'Column \'username\' cannot be null'}) | 
00:59:31.056 | Info | '/transaction/getCustomerType' | 
01:00:32.932 | Info | '/transaction/getCustomerType' | 
01:00:34.861 | Info | '/transaction/getCustomerType' | 
01:00:37.558 | Info | '/transaction/getCustomerType' | 
01:00:39.344 | Info | '/transaction/getCustomerType' | 
01:02:34.588 | Info | '/transaction/getCustomerType' | 
01:02:41.914 | Info | '/transaction/getCustomerType' | 
01:03:05.856 | Info | '/transaction/createCustomerType' | 
01:03:05.873 | Info | ({'message':'Column \'username\' cannot be null','code':'ER_BAD_NULL_ERROR','errno':1048,'sqlState':'23000','sqlMessage':'Column \'username\' cannot be null'}) | 
01:03:05.898 | Info | '/transaction/getCustomerType' | 
01:05:27.132 | Info | '/transaction/getCustomerType' | 
01:05:56.468 | Info | '/transaction/createCustomerType' | 
01:05:56.473 | Info | ({'message':'Column \'username\' cannot be null','code':'ER_BAD_NULL_ERROR','errno':1048,'sqlState':'23000','sqlMessage':'Column \'username\' cannot be null'}) | 
01:05:56.523 | Info | '/transaction/getCustomerType' | 
01:06:51.093 | Info | '/transaction/getCustomerType' | 
01:06:56.378 | Info | '/transaction/getDeviceType' | 
01:06:57.918 | Info | '/transaction/getCustomerType' | 
01:07:07.930 | Info | '/transaction/getDeviceType' | 
01:08:19.636 | Info | '/transaction/getCustomerType' | 
01:08:20.848 | Info | '/transaction/getCustomerType' | 
01:08:26.505 | Info | '/transaction/getCustomersDetails' | 
01:08:31.345 | Info | '/transaction/getCustomerType' | 
01:08:53.654 | Info | '/transaction/createCustomerType' | 
01:08:53.659 | Info | ({'message':'Column \'username\' cannot be null','code':'ER_BAD_NULL_ERROR','errno':1048,'sqlState':'23000','sqlMessage':'Column \'username\' cannot be null'}) | 
01:08:53.692 | Info | '/transaction/getCustomerType' | 
01:09:35.670 | Info | '/transaction/getCustomersDetails' | 
01:10:20.525 | Info | '/transaction/getCustomerType' | 
01:11:11.554 | Info | '/transaction/getCustomerType' | 
01:11:35.392 | Info | '/transaction/createCustomerType' | 
01:11:35.404 | Info | ({'message':'Column \'username\' cannot be null','code':'ER_BAD_NULL_ERROR','errno':1048,'sqlState':'23000','sqlMessage':'Column \'username\' cannot be null'}) | 
01:11:35.416 | Info | '/transaction/getCustomerType' | 
01:13:07.954 | Info | '/transaction/getCustomerType' | 
01:13:10.102 | Info | '/transaction/getCustomersDetails' | 
01:13:34.123 | Info | '/transaction/getCustomersDetails' | 
01:14:24.124 | Info | '/transaction/getCustomersDetails' | 
01:14:29.867 | Info | '/transaction/getCustomersDetails' | 
01:14:52.133 | Info | '/transaction/getCustomersDetails' | 
01:14:55.114 | Info | '/transaction/getCustomersDetails' | 
01:15:02.118 | Info | '/transaction/getCustomersDetails' | 
01:15:08.733 | Info | '/transaction/getCustomersDetails' | 
01:15:24.138 | Info | '/transaction/getCustomersDetails' | 
01:15:31.471 | Info | '/transaction/getCustomerType' | 
01:15:32.502 | Info | '/transaction/getCustomerType' | 
01:15:34.564 | Info | '/transaction/getCustomersDetails' | 
01:15:50.111 | Info | '/transaction/getCustomersDetails' | 
01:16:02.133 | Info | '/transaction/getCustomersDetails' | 
01:16:15.114 | Info | '/transaction/getCustomersDetails' | 
01:16:23.116 | Info | '/transaction/getCustomersDetails' | 
01:16:30.119 | Info | '/transaction/getCustomersDetails' | 
01:16:34.110 | Info | '/transaction/getCustomersDetails' | 
01:16:43.135 | Info | '/transaction/getCustomersDetails' | 
01:16:48.113 | Info | '/transaction/getCustomersDetails' | 
01:16:54.120 | Info | '/transaction/getCustomersDetails' | 
01:17:11.117 | Info | '/transaction/getCustomersDetails' | 
01:17:46.132 | Info | '/transaction/getCustomersDetails' | 
01:17:54.126 | Info | '/transaction/getCustomersDetails' | 
01:18:00.112 | Info | '/transaction/getCustomersDetails' | 
01:18:02.110 | Info | '/transaction/getCustomersDetails' | 
01:18:04.781 | Info | '/transaction/getCustomersDetails' | 
01:18:19.122 | Info | '/transaction/getCustomersDetails' | 
01:18:25.125 | Info | '/transaction/getCustomersDetails' | 
01:18:27.119 | Info | '/transaction/getCustomersDetails' | 
01:18:29.112 | Info | '/transaction/getCustomersDetails' | 
01:18:36.116 | Info | '/transaction/getCustomersDetails' | 
01:18:42.121 | Info | '/transaction/getCustomersDetails' | 
01:18:48.133 | Info | '/transaction/getCustomersDetails' | 
01:18:55.116 | Info | '/transaction/getCustomersDetails' | 
01:19:02.804 | Info | '/transaction/getCustomerType' | 
01:19:04.141 | Info | '/transaction/getCustomerType' | 
01:19:06.810 | Info | '/transaction/getCustomersDetails' | 
01:19:14.898 | Info | '/transaction/getCustomerType' | 
01:19:17.905 | Info | '/transaction/getCustomersDetails' | 
01:19:31.090 | Info | '/transaction/getCustomerType' | 
01:19:33.318 | Info | '/transaction/getCustomersDetails' | 
01:22:50.960 | Info | '/transaction/getCustomerType' | 
01:22:53.324 | Info | '/transaction/getDeviceType' | 
01:22:57.195 | Info | '/transaction/getNetworkType' | 
01:22:59.571 | Info | '/transaction/getRolesType' | 
01:23:02.170 | Info | '/transaction/getCustomerType' | 
01:23:04.304 | Info | '/transaction/getCustomersDetails' | 
01:23:15.985 | Info | '/transaction/getCustomerType' | 
01:23:17.868 | Info | '/transaction/getCustomersDetails' | 
01:23:26.757 | Info | '/transaction/getCustomerType' | 
01:23:28.610 | Info | '/transaction/getCustomersDetails' | 
01:24:15.123 | Info | '/transaction/getCustomersDetails' | 
01:24:20.153 | Info | '/transaction/getCustomersDetails' | 
01:25:19.429 | Info | '/transaction/getCustomerType' | 
01:25:22.536 | Info | '/transaction/getCustomersDetails' | 
01:25:26.910 | Info | '/transaction/getCustomerType' | 
01:33:18.829 | Info | '/api/user/login' | 
01:33:22.434 | Info | '/transaction/getDeviceType' | 
01:33:24.504 | Info | '/transaction/getDeviceType' | 
01:33:26.005 | Info | '/transaction/getDeviceType' | 
01:33:29.618 | Info | '/transaction/getDeviceType' | 
01:33:31.347 | Info | '/transaction/getDeviceType' | 
01:33:34.095 | Info | '/transaction/getDeviceType' | 
01:33:36.012 | Info | '/transaction/getDeviceType' | 
01:33:55.143 | Info | '/transaction/getDeviceType' | 
01:34:44.613 | Info | '/transaction/getDeviceType' | 
01:35:26.819 | Info | '/transaction/getCustomerType' | 
01:35:29.746 | Info | '/transaction/getDeviceType' | 
01:35:31.689 | Info | '/transaction/getNetworkType' | 
01:35:34.745 | Info | '/transaction/getRolesType' | 
01:35:48.474 | Info | '/transaction/getCustomerType' | 
01:35:51.103 | Info | '/transaction/getDeviceType' | 
01:35:53.444 | Info | '/transaction/getCustomerType' | 
01:35:55.440 | Info | '/transaction/getCustomersDetails' | 
01:36:20.634 | Info | '/transaction/getCustomerType' | 
01:36:22.875 | Info | '/transaction/getCustomersDetails' | 
01:38:22.132 | Info | '/transaction/createCustomerType' | 
01:38:35.397 | Info | '/transaction/getCustomerType' | 
01:38:38.414 | Info | '/transaction/getCustomersDetails' | 
01:38:48.029 | Info | '/transaction/getCustomerType' | 
01:39:21.169 | Info | '/transaction/createCustomerType' | 
01:39:21.175 | Info | ({'message':'Column \'username\' cannot be null','code':'ER_BAD_NULL_ERROR','errno':1048,'sqlState':'23000','sqlMessage':'Column \'username\' cannot be null'}) | 
01:39:21.194 | Info | '/transaction/getCustomerType' | 
01:39:25.064 | Info | '/transaction/getCustomersDetails' | 
01:41:17.688 | Info | '/transaction/getCustomerType' | 
01:41:46.672 | Info | '/transaction/createCustomerType' | 
01:41:46.676 | Info | ({'message':'Column \'username\' cannot be null','code':'ER_BAD_NULL_ERROR','errno':1048,'sqlState':'23000','sqlMessage':'Column \'username\' cannot be null'}) | 
01:41:46.704 | Info | '/transaction/getCustomerType' | 
01:41:57.232 | Info | '/transaction/getCustomerType' | 
01:42:04.982 | Info | '/transaction/getCustomerType' | 
01:42:35.579 | Info | '/transaction/createCustomerType' | 
01:42:35.586 | Info | ({'message':'Column \'username\' cannot be null','code':'ER_BAD_NULL_ERROR','errno':1048,'sqlState':'23000','sqlMessage':'Column \'username\' cannot be null'}) | 
01:42:35.634 | Info | '/transaction/getCustomerType' | 
01:44:53.191 | Info | '/transaction/getCustomerType' | 
01:44:59.150 | Info | '/transaction/createCustomerType' | 
01:44:59.155 | Info | ({'message':'Column \'password\' cannot be null','code':'ER_BAD_NULL_ERROR','errno':1048,'sqlState':'23000','sqlMessage':'Column \'password\' cannot be null'}) | 
01:44:59.194 | Info | '/transaction/getCustomerType' | 
01:45:21.076 | Info | '/transaction/createCustomerType' | 
01:45:21.081 | Info | ({'message':'Column \'cnic\' cannot be null','code':'ER_BAD_NULL_ERROR','errno':1048,'sqlState':'23000','sqlMessage':'Column \'cnic\' cannot be null'}) | 
01:45:21.134 | Info | '/transaction/getCustomerType' | 
01:45:46.370 | Info | '/transaction/createCustomerType' | 
01:45:46.428 | Info | '/transaction/getCustomerType' | 
01:46:02.994 | Info | '/transaction/getCustomersDetails' | 
01:56:10.649 | Info | '/transaction/getCustomerType' | 
01:56:18.168 | Info | '/transaction/getCustomersDetails' | 
01:56:35.151 | Info | '/transaction/getCustomersDetails' | 
01:56:40.107 | Info | '/transaction/getCustomersDetails' | 
01:56:48.323 | Info | '/transaction/getCustomerType' | 
01:56:50.854 | Info | '/transaction/getCustomersDetails' | 
01:57:02.700 | Info | '/transaction/getCustomersDetails' | 
01:57:40.125 | Info | '/transaction/getCustomersDetails' | 
01:57:51.868 | Info | '/transaction/getCustomerType' | 
01:57:55.433 | Info | '/transaction/getCustomersDetails' | 
01:58:03.286 | Info | '/transaction/getCustomerType' | 
01:58:05.623 | Info | '/transaction/getCustomersDetails' | 
02:01:09.127 | Info | '/transaction/getCustomersDetails' | 
02:01:15.728 | Info | '/transaction/getCustomerType' | 
02:01:17.975 | Info | '/transaction/getCustomersDetails' | 
02:01:26.116 | Info | '/transaction/getCustomersDetails' | 
02:01:31.876 | Info | '/transaction/getCustomersDetails' | 
02:01:35.133 | Info | '/transaction/getCustomerType' | 
02:01:36.492 | Info | '/transaction/getCustomerType' | 
02:01:39.003 | Info | '/transaction/getCustomersDetails' | 
02:01:48.717 | Info | '/transaction/getCustomersDetails' | 
02:03:27.915 | Info | '/transaction/getCustomerType' | 
02:03:32.388 | Info | '/transaction/getCustomersDetails' | 
02:03:56.119 | Info | '/transaction/getCustomersDetails' | 
02:04:01.112 | Info | '/transaction/getCustomersDetails' | 
02:04:03.557 | Info | '/transaction/getCustomersDetails' | 
02:05:16.110 | Info | '/transaction/getCustomersDetails' | 
02:05:21.105 | Info | '/transaction/getCustomersDetails' | 
02:05:25.447 | Info | '/transaction/getCustomerType' | 
02:05:27.051 | Info | '/transaction/getCustomerType' | 
02:05:29.102 | Info | '/transaction/getCustomersDetails' | 
02:07:01.129 | Info | '/transaction/getCustomersDetails' | 
02:07:13.050 | Info | '/transaction/getCustomerType' | 
02:07:15.460 | Info | '/transaction/getCustomersDetails' | 
02:08:07.121 | Info | '/transaction/getCustomersDetails' | 
02:09:34.137 | Info | '/transaction/getCustomersDetails' | 
02:09:43.867 | Info | '/transaction/getCustomerType' | 
02:09:45.790 | Info | '/transaction/getCustomersDetails' | 
02:10:00.044 | Info | '/transaction/getCustomersDetails' | 
02:13:36.123 | Info | '/transaction/getCustomersDetails' | 
02:13:38.118 | Info | '/transaction/getCustomersDetails' | 
02:13:48.067 | Info | '/transaction/getCustomerType' | 
02:13:50.996 | Info | '/transaction/getCustomersDetails' | 
02:15:15.129 | Info | '/transaction/getCustomersDetails' | 
02:15:22.137 | Info | '/transaction/getCustomersDetails' | 
02:15:35.423 | Info | '/transaction/getCustomerType' | 
02:15:37.260 | Info | '/transaction/getCustomersDetails' | 
02:16:00.112 | Info | '/transaction/getCustomersDetails' | 
02:16:04.109 | Info | '/transaction/getCustomersDetails' | 
02:16:19.796 | Info | '/transaction/getCustomerType' | 
02:16:51.804 | Info | '/transaction/getCustomerType' | 
02:17:03.943 | Info | '/transaction/getCustomersDetails' | 
02:17:10.770 | Info | '/transaction/getCustomerType' | 
02:17:13.185 | Info | '/transaction/getCustomersDetails' | 
02:17:22.118 | Info | '/transaction/getCustomersDetails' | 
02:18:21.123 | Info | '/transaction/getCustomersDetails' | 
02:18:25.734 | Info | '/transaction/getCustomersDetails' | 
02:18:44.766 | Info | '/transaction/getCustomerType' | 
02:18:46.206 | Info | '/transaction/getCustomerType' | 
02:18:48.596 | Info | '/transaction/getCustomersDetails' | 
02:19:03.119 | Info | '/transaction/getCustomersDetails' | 
02:19:17.482 | Info | '/transaction/getCustomersDetails' | 
02:20:05.131 | Info | '/transaction/getCustomersDetails' | 
02:20:19.117 | Info | '/transaction/getCustomersDetails' | 
02:21:28.130 | Info | '/transaction/getCustomersDetails' | 
02:21:29.108 | Info | '/transaction/getCustomersDetails' | 
02:21:36.120 | Info | '/transaction/getCustomersDetails' | 
02:25:34.435 | Info | '/transaction/getCustomerType' | 
02:25:36.074 | Info | '/transaction/getCustomersDetails' | 
02:25:46.837 | Info | '/transaction/getCustomersDetails' | 
02:26:00.653 | Info | '/transaction/getCustomersDetails' | 
02:26:07.617 | Info | '/transaction/getCustomersDetails' | 
02:26:14.117 | Info | '/transaction/getCustomersDetails' | 
02:26:17.115 | Info | '/transaction/getCustomersDetails' | 
02:26:33.106 | Info | '/transaction/getCustomersDetails' | 
02:26:46.188 | Info | '/transaction/getCustomerType' | 
02:26:48.110 | Info | '/transaction/getCustomerType' | 
02:26:50.452 | Info | '/transaction/getCustomersDetails' | 
02:26:56.716 | Info | '/transaction/getCustomerType' | 
02:26:58.582 | Info | '/transaction/getCustomersDetails' | 
02:27:06.112 | Info | '/transaction/getCustomersDetails' | 
02:27:10.332 | Info | '/transaction/getCustomerType' | 
02:27:11.409 | Info | '/transaction/getCustomerType' | 
02:27:13.329 | Info | '/transaction/getCustomersDetails' | 
02:27:28.146 | Info | '/transaction/getCustomersDetails' | 
02:27:35.103 | Info | '/transaction/getCustomersDetails' | 
02:27:44.626 | Info | '/transaction/getCustomerType' | 
02:27:46.009 | Info | '/transaction/getCustomerType' | 
02:27:51.967 | Info | '/transaction/getCustomerType' | 
02:28:12.957 | Info | '/transaction/getCustomersDetails' | 
02:28:24.837 | Info | '/transaction/getCustomerType' | 
02:28:28.466 | Info | '/transaction/getCustomersDetails' | 
02:28:46.928 | Info | '/transaction/getCustomerType' | 
02:28:59.412 | Info | '/transaction/getCustomerType' | 
02:29:14.151 | Info | '/transaction/getCustomersDetails' | 
02:29:18.945 | Info | '/transaction/getCustomerType' | 
02:29:20.539 | Info | '/transaction/getCustomerType' | 
02:29:22.922 | Info | '/transaction/getCustomersDetails' | 
